C51 COMPILER V9.59.0.0   SCHEDULER                                                         03/26/2019 22:29:16 PAGE 1   


C51 COMPILER V9.59.0.0, COMPILATION OF MODULE SCHEDULER
OBJECT MODULE PLACED IN .\Objects\scheduler.obj
COMPILER INVOKED BY: D:\A\Keil_MDK5.25\C51\BIN\C51.EXE scheduler.c OPTIMIZE(8,SPEED) BROWSE DEBUG OBJECTEXTEND PRINT(.\L
                    -istings\scheduler.lst) TABS(2) OBJECT(.\Objects\scheduler.obj)

line level    source

   1          #include <scheduler.h>
*** ERROR C303 IN LINE 29 OF scheduler.h: formal argument expected
*** ERROR C303 IN LINE 30 OF scheduler.h: formal argument expected
*** ERROR C129 IN LINE 32 OF scheduler.h: missing ';' before ':'
   2          
   3          typedef unsigned char u8;
   4          typedef unsigned int u16;
   5          
   6          void *t_ptr = 0;
   7          
   8          
   9          
  10          
  11          
  12          void main()
  13          {
  14            Scheduler_Init();
  15          }
  16          
  17          
  18          
  19          Scheduler_Init()
  20          {
  21            
  22          SCHEDULER_START:
  23            
  24          }
  25          
  26          void sch_delay(unsigned int tick)
  27          {
  28            
  29          }

C51 COMPILATION COMPLETE.  0 WARNING(S),  3 ERROR(S)
