C51 COMPILER V9.59.0.0   SYSTEM                                                            03/30/2019 23:17:36 PAGE 1   


C51 COMPILER V9.59.0.0, COMPILATION OF MODULE SYSTEM
OBJECT MODULE PLACED IN .\Objects\system.obj
COMPILER INVOKED BY: D:\A\Keil_MDK5.25\C51\BIN\C51.EXE system.c OPTIMIZE(8,SPEED) BROWSE DEBUG OBJECTEXTEND PRINT(.\List
                    -ings\system.lst) TABS(2) OBJECT(.\Objects\system.obj)

line level    source

   1          #include <system.h>
   2          
   3          u16 tick = 0;
   4          
   5          static void Timer1_Init()
   6          {
   7   1        TMOD |= 0x60; //set T1 mode 2
   8   1        TL1 = 0x9c;
   9   1        TH1 = 0x9c;
  10   1        ET1 = 1; //Enable Timer 1 IRQ
  11   1        EA = 1; //Enable all IRQ
  12   1        TR1 = 1; //Timer 1 start
  13   1      }
  14          
  15          void delay_ms(u8 t)
  16          {
  17   1        tick = t*10 - 1;
  18   1        while(tick);
  19   1      }
  20          
  21          void Timer1_Interrupt() interrupt 1
  22          {
  23   1        if(tick)
  24   1          tick--;
  25   1      }


MODULE INFORMATION:   STATIC OVERLAYABLE
   CODE SIZE        =     58    ----
   CONSTANT SIZE    =   ----    ----
   XDATA SIZE       =   ----    ----
   PDATA SIZE       =   ----    ----
   DATA SIZE        =      2    ----
   IDATA SIZE       =   ----    ----
   BIT SIZE         =   ----    ----
END OF MODULE INFORMATION.


C51 COMPILATION COMPLETE.  0 WARNING(S),  0 ERROR(S)
